<?xml version="1.0" encoding="UTF-8"?>
<testng-results ignored="0" total="1" passed="1" failed="0" skipped="0">
  <reporter-output>
  </reporter-output>
  <suite started-at="2025-02-21T11:45:14 IST" name="Suite" finished-at="2025-02-21T11:45:21 IST" duration-ms="7072">
    <groups>
    </groups>
    <test started-at="2025-02-21T11:45:14 IST" name="Test" finished-at="2025-02-21T11:45:21 IST" duration-ms="7072">
      <class name="AssignmentIntern.TC001_LoginTestcase">
        <test-method is-config="true" signature="setup()[pri:0, instance:AssignmentIntern.TC001_LoginTestcase@16423501]" started-at="2025-02-21T11:45:14 IST" name="setup" finished-at="2025-02-21T11:45:17 IST" duration-ms="2760" status="PASS">
          <reporter-output>
          </reporter-output>
        </test-method> <!-- setup -->
        <test-method signature="CheckingAmountSorted()[pri:0, instance:AssignmentIntern.TC001_LoginTestcase@16423501]" started-at="2025-02-21T11:45:17 IST" name="CheckingAmountSorted" finished-at="2025-02-21T11:45:21 IST" duration-ms="3834" status="PASS">
          <reporter-output>
          </reporter-output>
        </test-method> <!-- CheckingAmountSorted -->
      </class> <!-- AssignmentIntern.TC001_LoginTestcase -->
    </test> <!-- Test -->
  </suite> <!-- Suite -->
</testng-results>
